C:\Program Files (x86)\Microsoft Visual Studio\2019\Community\MSBuild\Microsoft\VC\v160\Microsoft.CppBuild.targets(476,5): warning MSB8004: Intermediate Directory does not end with a trailing slash.  This build instance will add the slash as it is required to allow proper evaluation of the Intermediate Directory.
  main.cpp
main.obj : error LNK2019: unresolved external symbol "__declspec(dllimport) public: __thiscall sf::String::String(char const *,class std::locale const &)" (__imp_??0String@sf@@QAE@PBDABVlocale@std@@@Z) referenced in function _main
main.obj : error LNK2019: unresolved external symbol "__declspec(dllimport) public: __thiscall sf::String::~String(void)" (__imp_??1String@sf@@QAE@XZ) referenced in function _main
main.obj : error LNK2019: unresolved external symbol "__declspec(dllimport) public: __thiscall sf::VideoMode::VideoMode(unsigned int,unsigned int,unsigned int)" (__imp_??0VideoMode@sf@@QAE@III@Z) referenced in function _main
main.obj : error LNK2019: unresolved external symbol "__declspec(dllimport) public: __thiscall sf::Window::Window(class sf::VideoMode,class sf::String const &,unsigned int,struct sf::ContextSettings const &)" (__imp_??0Window@sf@@QAE@VVideoMode@1@ABVString@1@IABUContextSettings@1@@Z) referenced in function _main
main.obj : error LNK2019: unresolved external symbol "__declspec(dllimport) public: virtual __thiscall sf::Window::~Window(void)" (__imp_??1Window@sf@@UAE@XZ) referenced in function _main
C:\Users\opoll\source\repos\C++\SFML\SFML-2.5.1\lib\sfml-audio-s-d.lib : warning LNK4272: library machine type 'x64' conflicts with target machine type 'x86'
C:\Users\opoll\source\repos\C++\SFML\SFML-2.5.1\lib\sfml-graphics-s-d.lib : warning LNK4272: library machine type 'x64' conflicts with target machine type 'x86'
C:\Users\opoll\source\repos\C++\SFML\SFML-2.5.1\lib\sfml-network-s-d.lib : warning LNK4272: library machine type 'x64' conflicts with target machine type 'x86'
C:\Users\opoll\source\repos\C++\SFML\SFML-2.5.1\lib\sfml-system-s-d.lib : warning LNK4272: library machine type 'x64' conflicts with target machine type 'x86'
C:\Users\opoll\source\repos\C++\SFML\SFML-2.5.1\lib\sfml-window-s-d.lib : warning LNK4272: library machine type 'x64' conflicts with target machine type 'x86'
C:\Users\opoll\source\repos\C++\SFML\SFML-2.5.1\lib\freetype.lib : warning LNK4272: library machine type 'x64' conflicts with target machine type 'x86'
C:\Users\opoll\source\repos\C++\SFML\SFML-2.5.1\lib\openal32.lib : warning LNK4272: library machine type 'x64' conflicts with target machine type 'x86'
C:\Users\opoll\source\repos\C++\SFML\SFML-2.5.1\lib\flac.lib : warning LNK4272: library machine type 'x64' conflicts with target machine type 'x86'
C:\Users\opoll\source\repos\C++\SFML\SFML-2.5.1\lib\vorbisenc.lib : warning LNK4272: library machine type 'x64' conflicts with target machine type 'x86'
C:\Users\opoll\source\repos\C++\SFML\SFML-2.5.1\lib\vorbisfile.lib : warning LNK4272: library machine type 'x64' conflicts with target machine type 'x86'
C:\Users\opoll\source\repos\C++\SFML\SFML-2.5.1\lib\vorbis.lib : warning LNK4272: library machine type 'x64' conflicts with target machine type 'x86'
C:\Users\opoll\source\repos\C++\SFML\SFML-2.5.1\lib\ogg.lib : warning LNK4272: library machine type 'x64' conflicts with target machine type 'x86'
D:\Programming\Src\CPP\defender\bin\Win32\Debug\defender.exe : fatal error LNK1120: 5 unresolved externals
